<?xml version="1.0" encoding="utf-8" standalone="no"?>
<!--This file represents the results of running a test suite-->
<test-results name="C:\_Code\Dev.CSharp\HydroDesktop\Source\Plugins\HydroModeler\Components\LoadCalculator\Test\bin\Debug\Test.dll" total="3" errors="0" failures="0" not-run="0" inconclusive="0" ignored="0" skipped="0" invalid="0" date="2010-09-09" time="16:28:41">
  <environment nunit-version="2.5.5.10112" clr-version="2.0.50727.3615" os-version="Microsoft Windows NT 5.1.2600 Service Pack 3" platform="Win32NT" cwd="C:\_Code\Dev.CSharp\HydroDesktop\Source\Plugins\HydroModeler\Components\LoadCalculator\Test\bin\Debug" machine-name="CE-51" user="CASTRONA" user-domain="ENGINEERING" />
  <culture-info current-culture="en-US" current-uiculture="en-US" />
  <test-suite type="Assembly" name="C:\_Code\Dev.CSharp\HydroDesktop\Source\Plugins\HydroModeler\Components\LoadCalculator\Test\bin\Debug\Test.dll" executed="True" result="Success" success="True" time="0.688" asserts="0">
    <results>
      <test-suite type="Namespace" name="Test" executed="True" result="Success" success="True" time="0.688" asserts="0">
        <results>
          <test-suite type="TestFixture" name="Test_Class" executed="True" result="Success" success="True" time="0.688" asserts="0">
            <results>
              <test-case name="Test.Test_Class.ExchangeItemsDefinedByConfig" executed="True" result="Success" success="True" time="0.531" asserts="10" />
              <test-case name="Test.Test_Class.ExchangeItemsDefinedByOmi" executed="True" result="Success" success="True" time="0.094" asserts="10" />
              <test-case name="Test.Test_Class.IdBasedElementSet_DefinedInConfig" executed="True" result="Success" success="True" time="0.063" asserts="5" />
            </results>
          </test-suite>
        </results>
      </test-suite>
    </results>
  </test-suite>
</test-results>